{"synthetic": false,
 "schemaVersion": "2025-09-10",
 "outputs": null,
 "log":
 [{"message":
   ".> ELAN=elan ELAN_HOME=/Users/mirajcs/.elan ELAN_TOOLCHAIN=leanprover/lean4:v4.27.0 LAKE=/Users/mirajcs/.elan/toolchains/leanprover--lean4---v4.27.0/bin/lake LAKE_HOME=/Users/mirajcs/.elan/toolchains/leanprover--lean4---v4.27.0 LAKE_PKG_URL_MAP={} LAKE_NO_CACHE=false LAKE_ARTIFACT_CACHE=false LAKE_CACHE_KEY= LAKE_CACHE_ARTIFACT_ENDPOINT= LAKE_CACHE_REVISION_ENDPOINT= LEAN=/Users/mirajcs/.elan/toolchains/leanprover--lean4---v4.27.0/bin/lean LEAN_SYSROOT=/Users/mirajcs/.elan/toolchains/leanprover--lean4---v4.27.0 LEAN_AR=/Users/mirajcs/.elan/toolchains/leanprover--lean4---v4.27.0/bin/llvm-ar LEAN_CC= LAKE_CACHE_DIR=/Users/mirajcs/.elan/toolchains/leanprover--lean4---v4.27.0/lake/cache LEAN_PATH=/Users/mirajcs/git/IsoperimetricInequality/docbuild/.lake/packages/batteries/.lake/build/lib/lean:/Users/mirajcs/git/IsoperimetricInequality/docbuild/.lake/packages/Qq/.lake/build/lib/lean:/Users/mirajcs/git/IsoperimetricInequality/docbuild/.lake/packages/aesop/.lake/build/lib/lean:/Users/mirajcs/git/IsoperimetricInequality/docbuild/.lake/packages/proofwidgets/.lake/build/lib/lean:/Users/mirajcs/git/IsoperimetricInequality/docbuild/.lake/packages/importGraph/.lake/build/lib/lean:/Users/mirajcs/git/IsoperimetricInequality/docbuild/.lake/packages/LeanSearchClient/.lake/build/lib/lean:/Users/mirajcs/git/IsoperimetricInequality/docbuild/.lake/packages/plausible/.lake/build/lib/lean:/Users/mirajcs/git/IsoperimetricInequality/docbuild/.lake/packages/mathlib/.lake/build/lib/lean:/Users/mirajcs/git/IsoperimetricInequality/docbuild/.lake/packages/MD4Lean/.lake/build/lib/lean:/Users/mirajcs/git/IsoperimetricInequality/docbuild/.lake/packages/BibtexQuery/.lake/build/lib/lean:/Users/mirajcs/git/IsoperimetricInequality/docbuild/.lake/packages/UnicodeBasic/.lake/build/lib/lean:/Users/mirajcs/git/IsoperimetricInequality/docbuild/.lake/packages/Cli/.lake/build/lib/lean:/Users/mirajcs/git/IsoperimetricInequality/.lake/build/lib/lean:/Users/mirajcs/git/IsoperimetricInequality/docbuild/.lake/packages/doc-gen4/.lake/build/lib/lean:/Users/mirajcs/git/IsoperimetricInequality/docbuild/.lake/build/lib/lean:/Users/mirajcs/.elan/toolchains/leanprover--lean4---v4.27.0/lib/lean LEAN_SRC_PATH=/Users/mirajcs/git/IsoperimetricInequality/docbuild/.lake/packages/batteries:/Users/mirajcs/git/IsoperimetricInequality/docbuild/.lake/packages/batteries:/Users/mirajcs/git/IsoperimetricInequality/docbuild/.lake/packages/Qq:/Users/mirajcs/git/IsoperimetricInequality/docbuild/.lake/packages/Qq:/Users/mirajcs/git/IsoperimetricInequality/docbuild/.lake/packages/aesop:/Users/mirajcs/git/IsoperimetricInequality/docbuild/.lake/packages/aesop:/Users/mirajcs/git/IsoperimetricInequality/docbuild/.lake/packages/proofwidgets:/Users/mirajcs/git/IsoperimetricInequality/docbuild/.lake/packages/proofwidgets:/Users/mirajcs/git/IsoperimetricInequality/docbuild/.lake/packages/proofwidgets:/Users/mirajcs/git/IsoperimetricInequality/docbuild/.lake/packages/importGraph:/Users/mirajcs/git/IsoperimetricInequality/docbuild/.lake/packages/importGraph:/Users/mirajcs/git/IsoperimetricInequality/docbuild/.lake/packages/LeanSearchClient:/Users/mirajcs/git/IsoperimetricInequality/docbuild/.lake/packages/LeanSearchClient:/Users/mirajcs/git/IsoperimetricInequality/docbuild/.lake/packages/plausible:/Users/mirajcs/git/IsoperimetricInequality/docbuild/.lake/packages/plausible:/Users/mirajcs/git/IsoperimetricInequality/docbuild/.lake/packages/mathlib:/Users/mirajcs/git/IsoperimetricInequality/docbuild/.lake/packages/mathlib:/Users/mirajcs/git/IsoperimetricInequality/docbuild/.lake/packages/mathlib:/Users/mirajcs/git/IsoperimetricInequality/docbuild/.lake/packages/mathlib:/Users/mirajcs/git/IsoperimetricInequality/docbuild/.lake/packages/mathlib:/Users/mirajcs/git/IsoperimetricInequality/docbuild/.lake/packages/mathlib:/Users/mirajcs/git/IsoperimetricInequality/docbuild/.lake/packages/mathlib:/Users/mirajcs/git/IsoperimetricInequality/docbuild/.lake/packages/MD4Lean:/Users/mirajcs/git/IsoperimetricInequality/docbuild/.lake/packages/MD4Lean:/Users/mirajcs/git/IsoperimetricInequality/docbuild/.lake/packages/BibtexQuery:/Users/mirajcs/git/IsoperimetricInequality/docbuild/.lake/packages/UnicodeBasic:/Users/mirajcs/git/IsoperimetricInequality/docbuild/.lake/packages/UnicodeBasic:/Users/mirajcs/git/IsoperimetricInequality/docbuild/.lake/packages/Cli:/Users/mirajcs/git/IsoperimetricInequality/docbuild/.lake/packages/Cli:/Users/mirajcs/git/IsoperimetricInequality:/Users/mirajcs/git/IsoperimetricInequality/docbuild/.lake/packages/doc-gen4:/Users/mirajcs/.elan/toolchains/leanprover--lean4---v4.27.0/src/lean/lake LEAN_GITHASH=db93fe1608548721853390a10cd40580fe7d22ae PATH DYLD_LIBRARY_PATH=/Users/mirajcs/.elan/toolchains/leanprover--lean4---v4.27.0/lib/lean:/Users/mirajcs/.elan/toolchains/leanprover--lean4---v4.27.0/lib:/Users/mirajcs/git/IsoperimetricInequality/docbuild/.lake/build/lib:/Users/mirajcs/git/IsoperimetricInequality/docbuild/.lake/packages/doc-gen4/.lake/build/lib:/Users/mirajcs/git/IsoperimetricInequality/.lake/build/lib:/Users/mirajcs/git/IsoperimetricInequality/docbuild/.lake/packages/Cli/.lake/build/lib:/Users/mirajcs/git/IsoperimetricInequality/docbuild/.lake/packages/UnicodeBasic/.lake/build/lib:/Users/mirajcs/git/IsoperimetricInequality/docbuild/.lake/packages/BibtexQuery/.lake/build/lib:/Users/mirajcs/git/IsoperimetricInequality/docbuild/.lake/packages/MD4Lean/.lake/build/lib:/Users/mirajcs/git/IsoperimetricInequality/docbuild/.lake/packages/mathlib/.lake/build/lib:/Users/mirajcs/git/IsoperimetricInequality/docbuild/.lake/packages/plausible/.lake/build/lib:/Users/mirajcs/git/IsoperimetricInequality/docbuild/.lake/packages/LeanSearchClient/.lake/build/lib:/Users/mirajcs/git/IsoperimetricInequality/docbuild/.lake/packages/importGraph/.lake/build/lib:/Users/mirajcs/git/IsoperimetricInequality/docbuild/.lake/packages/proofwidgets/.lake/build/lib:/Users/mirajcs/git/IsoperimetricInequality/docbuild/.lake/packages/aesop/.lake/build/lib:/Users/mirajcs/git/IsoperimetricInequality/docbuild/.lake/packages/Qq/.lake/build/lib:/Users/mirajcs/git/IsoperimetricInequality/docbuild/.lake/packages/batteries/.lake/build/lib /Users/mirajcs/git/IsoperimetricInequality/docbuild/.lake/packages/doc-gen4/.lake/build/bin/doc-gen4 single --build /Users/mirajcs/git/IsoperimetricInequality/docbuild/.lake/build Mathlib.GroupTheory.GroupAction.Quotient https://github.com/leanprover-community/mathlib4/blob/a3a10db0e9d66acbebf76c5e6a135066525ac900/Mathlib/GroupTheory/GroupAction/Quotient.lean",
   "level": "trace"}],
 "inputs":
 [["<collection>",
   [["/Users/mirajcs/git/IsoperimetricInequality/docbuild/.lake/build/doc/Mathlib/Algebra/Group/Subgroup/Actions.html",
     "409ae1007cecbbbb"],
    ["/Users/mirajcs/git/IsoperimetricInequality/docbuild/.lake/build/doc/Mathlib/Data/Fintype/BigOperators.html",
     "d35c469989f80def"],
    ["/Users/mirajcs/git/IsoperimetricInequality/docbuild/.lake/build/doc/Mathlib/Dynamics/PeriodicPts/Defs.html",
     "25dd49dc593d94cc"],
    ["/Users/mirajcs/git/IsoperimetricInequality/docbuild/.lake/build/doc/Mathlib/GroupTheory/Commutator/Basic.html",
     "0b9d8a461b20cc5a"],
    ["/Users/mirajcs/git/IsoperimetricInequality/docbuild/.lake/build/doc/Mathlib/GroupTheory/Coset/Basic.html",
     "24659485e1fd8532"],
    ["/Users/mirajcs/git/IsoperimetricInequality/docbuild/.lake/build/doc/Mathlib/GroupTheory/GroupAction/Basic.html",
     "6fb159d6473a45d8"],
    ["/Users/mirajcs/git/IsoperimetricInequality/docbuild/.lake/build/doc/Mathlib/GroupTheory/GroupAction/ConjAct.html",
     "b0581922ef48fd02"],
    ["/Users/mirajcs/git/IsoperimetricInequality/docbuild/.lake/build/doc/Mathlib/GroupTheory/GroupAction/Hom.html",
     "76f9e13af60338e6"],
    ["/Users/mirajcs/git/IsoperimetricInequality/docbuild/.lake/build/doc/Mathlib/GroupTheory/Subgroup/Centralizer.html",
     "eef07cdebe0fa0c3"]]],
  ["/Users/mirajcs/git/IsoperimetricInequality/docbuild/.lake/build/doc-data/references.json",
   "a50f2257f35adb49"],
  ["/Users/mirajcs/git/IsoperimetricInequality/docbuild/.lake/packages/doc-gen4/.lake/build/bin/doc-gen4",
   "119af887a05b9f78"],
  ["Mathlib.GroupTheory.GroupAction.Quotient:leanArts", "3a30f389d2ce733a"]],
 "depHash": "949bf21c2b08f576"}