{"synthetic": false,
 "schemaVersion": "2025-09-10",
 "outputs": null,
 "log":
 [{"message":
   ".> ELAN=elan ELAN_HOME=/Users/mirajcs/.elan ELAN_TOOLCHAIN=leanprover/lean4:v4.27.0 LAKE=/Users/mirajcs/.elan/toolchains/leanprover--lean4---v4.27.0/bin/lake LAKE_HOME=/Users/mirajcs/.elan/toolchains/leanprover--lean4---v4.27.0 LAKE_PKG_URL_MAP={} LAKE_NO_CACHE=false LAKE_ARTIFACT_CACHE=false LAKE_CACHE_KEY= LAKE_CACHE_ARTIFACT_ENDPOINT= LAKE_CACHE_REVISION_ENDPOINT= LEAN=/Users/mirajcs/.elan/toolchains/leanprover--lean4---v4.27.0/bin/lean LEAN_SYSROOT=/Users/mirajcs/.elan/toolchains/leanprover--lean4---v4.27.0 LEAN_AR=/Users/mirajcs/.elan/toolchains/leanprover--lean4---v4.27.0/bin/llvm-ar LEAN_CC= LAKE_CACHE_DIR=/Users/mirajcs/.elan/toolchains/leanprover--lean4---v4.27.0/lake/cache LEAN_PATH=/Users/mirajcs/git/IsoperimetricInequality/docbuild/.lake/packages/batteries/.lake/build/lib/lean:/Users/mirajcs/git/IsoperimetricInequality/docbuild/.lake/packages/Qq/.lake/build/lib/lean:/Users/mirajcs/git/IsoperimetricInequality/docbuild/.lake/packages/aesop/.lake/build/lib/lean:/Users/mirajcs/git/IsoperimetricInequality/docbuild/.lake/packages/proofwidgets/.lake/build/lib/lean:/Users/mirajcs/git/IsoperimetricInequality/docbuild/.lake/packages/importGraph/.lake/build/lib/lean:/Users/mirajcs/git/IsoperimetricInequality/docbuild/.lake/packages/LeanSearchClient/.lake/build/lib/lean:/Users/mirajcs/git/IsoperimetricInequality/docbuild/.lake/packages/plausible/.lake/build/lib/lean:/Users/mirajcs/git/IsoperimetricInequality/docbuild/.lake/packages/mathlib/.lake/build/lib/lean:/Users/mirajcs/git/IsoperimetricInequality/docbuild/.lake/packages/MD4Lean/.lake/build/lib/lean:/Users/mirajcs/git/IsoperimetricInequality/docbuild/.lake/packages/BibtexQuery/.lake/build/lib/lean:/Users/mirajcs/git/IsoperimetricInequality/docbuild/.lake/packages/UnicodeBasic/.lake/build/lib/lean:/Users/mirajcs/git/IsoperimetricInequality/docbuild/.lake/packages/Cli/.lake/build/lib/lean:/Users/mirajcs/git/IsoperimetricInequality/.lake/build/lib/lean:/Users/mirajcs/git/IsoperimetricInequality/docbuild/.lake/packages/doc-gen4/.lake/build/lib/lean:/Users/mirajcs/git/IsoperimetricInequality/docbuild/.lake/build/lib/lean:/Users/mirajcs/.elan/toolchains/leanprover--lean4---v4.27.0/lib/lean LEAN_SRC_PATH=/Users/mirajcs/git/IsoperimetricInequality/docbuild/.lake/packages/batteries:/Users/mirajcs/git/IsoperimetricInequality/docbuild/.lake/packages/batteries:/Users/mirajcs/git/IsoperimetricInequality/docbuild/.lake/packages/Qq:/Users/mirajcs/git/IsoperimetricInequality/docbuild/.lake/packages/Qq:/Users/mirajcs/git/IsoperimetricInequality/docbuild/.lake/packages/aesop:/Users/mirajcs/git/IsoperimetricInequality/docbuild/.lake/packages/aesop:/Users/mirajcs/git/IsoperimetricInequality/docbuild/.lake/packages/proofwidgets:/Users/mirajcs/git/IsoperimetricInequality/docbuild/.lake/packages/proofwidgets:/Users/mirajcs/git/IsoperimetricInequality/docbuild/.lake/packages/proofwidgets:/Users/mirajcs/git/IsoperimetricInequality/docbuild/.lake/packages/importGraph:/Users/mirajcs/git/IsoperimetricInequality/docbuild/.lake/packages/importGraph:/Users/mirajcs/git/IsoperimetricInequality/docbuild/.lake/packages/LeanSearchClient:/Users/mirajcs/git/IsoperimetricInequality/docbuild/.lake/packages/LeanSearchClient:/Users/mirajcs/git/IsoperimetricInequality/docbuild/.lake/packages/plausible:/Users/mirajcs/git/IsoperimetricInequality/docbuild/.lake/packages/plausible:/Users/mirajcs/git/IsoperimetricInequality/docbuild/.lake/packages/mathlib:/Users/mirajcs/git/IsoperimetricInequality/docbuild/.lake/packages/mathlib:/Users/mirajcs/git/IsoperimetricInequality/docbuild/.lake/packages/mathlib:/Users/mirajcs/git/IsoperimetricInequality/docbuild/.lake/packages/mathlib:/Users/mirajcs/git/IsoperimetricInequality/docbuild/.lake/packages/mathlib:/Users/mirajcs/git/IsoperimetricInequality/docbuild/.lake/packages/mathlib:/Users/mirajcs/git/IsoperimetricInequality/docbuild/.lake/packages/mathlib:/Users/mirajcs/git/IsoperimetricInequality/docbuild/.lake/packages/MD4Lean:/Users/mirajcs/git/IsoperimetricInequality/docbuild/.lake/packages/MD4Lean:/Users/mirajcs/git/IsoperimetricInequality/docbuild/.lake/packages/BibtexQuery:/Users/mirajcs/git/IsoperimetricInequality/docbuild/.lake/packages/UnicodeBasic:/Users/mirajcs/git/IsoperimetricInequality/docbuild/.lake/packages/UnicodeBasic:/Users/mirajcs/git/IsoperimetricInequality/docbuild/.lake/packages/Cli:/Users/mirajcs/git/IsoperimetricInequality/docbuild/.lake/packages/Cli:/Users/mirajcs/git/IsoperimetricInequality:/Users/mirajcs/git/IsoperimetricInequality/docbuild/.lake/packages/doc-gen4:/Users/mirajcs/.elan/toolchains/leanprover--lean4---v4.27.0/src/lean/lake LEAN_GITHASH=db93fe1608548721853390a10cd40580fe7d22ae PATH DYLD_LIBRARY_PATH=/Users/mirajcs/.elan/toolchains/leanprover--lean4---v4.27.0/lib/lean:/Users/mirajcs/.elan/toolchains/leanprover--lean4---v4.27.0/lib:/Users/mirajcs/git/IsoperimetricInequality/docbuild/.lake/build/lib:/Users/mirajcs/git/IsoperimetricInequality/docbuild/.lake/packages/doc-gen4/.lake/build/lib:/Users/mirajcs/git/IsoperimetricInequality/.lake/build/lib:/Users/mirajcs/git/IsoperimetricInequality/docbuild/.lake/packages/Cli/.lake/build/lib:/Users/mirajcs/git/IsoperimetricInequality/docbuild/.lake/packages/UnicodeBasic/.lake/build/lib:/Users/mirajcs/git/IsoperimetricInequality/docbuild/.lake/packages/BibtexQuery/.lake/build/lib:/Users/mirajcs/git/IsoperimetricInequality/docbuild/.lake/packages/MD4Lean/.lake/build/lib:/Users/mirajcs/git/IsoperimetricInequality/docbuild/.lake/packages/mathlib/.lake/build/lib:/Users/mirajcs/git/IsoperimetricInequality/docbuild/.lake/packages/plausible/.lake/build/lib:/Users/mirajcs/git/IsoperimetricInequality/docbuild/.lake/packages/LeanSearchClient/.lake/build/lib:/Users/mirajcs/git/IsoperimetricInequality/docbuild/.lake/packages/importGraph/.lake/build/lib:/Users/mirajcs/git/IsoperimetricInequality/docbuild/.lake/packages/proofwidgets/.lake/build/lib:/Users/mirajcs/git/IsoperimetricInequality/docbuild/.lake/packages/aesop/.lake/build/lib:/Users/mirajcs/git/IsoperimetricInequality/docbuild/.lake/packages/Qq/.lake/build/lib:/Users/mirajcs/git/IsoperimetricInequality/docbuild/.lake/packages/batteries/.lake/build/lib /Users/mirajcs/git/IsoperimetricInequality/docbuild/.lake/packages/doc-gen4/.lake/build/bin/doc-gen4 single --build /Users/mirajcs/git/IsoperimetricInequality/docbuild/.lake/build Mathlib.LinearAlgebra.Matrix.ConjTranspose https://github.com/leanprover-community/mathlib4/blob/a3a10db0e9d66acbebf76c5e6a135066525ac900/Mathlib/LinearAlgebra/Matrix/ConjTranspose.lean",
   "level": "trace"}],
 "inputs":
 [["<collection>",
   [["/Users/mirajcs/git/IsoperimetricInequality/docbuild/.lake/build/doc/Mathlib/Algebra/BigOperators/GroupWithZero/Action.html",
     "6e3611d58238cc1f"],
    ["/Users/mirajcs/git/IsoperimetricInequality/docbuild/.lake/build/doc/Mathlib/Algebra/BigOperators/Ring/Finset.html",
     "02716e8647471297"],
    ["/Users/mirajcs/git/IsoperimetricInequality/docbuild/.lake/build/doc/Mathlib/Algebra/BigOperators/RingEquiv.html",
     "313328f927f377e9"],
    ["/Users/mirajcs/git/IsoperimetricInequality/docbuild/.lake/build/doc/Mathlib/Algebra/Module/Pi.html",
     "4f10a9f1c12f86b0"],
    ["/Users/mirajcs/git/IsoperimetricInequality/docbuild/.lake/build/doc/Mathlib/Algebra/Star/BigOperators.html",
     "9f2beb385caef6b0"],
    ["/Users/mirajcs/git/IsoperimetricInequality/docbuild/.lake/build/doc/Mathlib/Algebra/Star/Module.html",
     "4c57fcd149efdd7e"],
    ["/Users/mirajcs/git/IsoperimetricInequality/docbuild/.lake/build/doc/Mathlib/Data/Fintype/BigOperators.html",
     "d35c469989f80def"],
    ["/Users/mirajcs/git/IsoperimetricInequality/docbuild/.lake/build/doc/Mathlib/Data/Matrix/Basis.html",
     "3d58dd0443852799"],
    ["/Users/mirajcs/git/IsoperimetricInequality/docbuild/.lake/build/doc/Mathlib/Data/Matrix/Mul.html",
     "83b42842c8d6c7d2"]]],
  ["/Users/mirajcs/git/IsoperimetricInequality/docbuild/.lake/build/doc-data/references.json",
   "a50f2257f35adb49"],
  ["/Users/mirajcs/git/IsoperimetricInequality/docbuild/.lake/packages/doc-gen4/.lake/build/bin/doc-gen4",
   "119af887a05b9f78"],
  ["Mathlib.LinearAlgebra.Matrix.ConjTranspose:leanArts", "d3f60dbf15c3ceac"]],
 "depHash": "5427714d100d108e"}