{"synthetic": false,
 "schemaVersion": "2025-09-10",
 "outputs": null,
 "log":
 [{"message":
   ".> ELAN=elan ELAN_HOME=/Users/mirajcs/.elan ELAN_TOOLCHAIN=leanprover/lean4:v4.27.0 LAKE=/Users/mirajcs/.elan/toolchains/leanprover--lean4---v4.27.0/bin/lake LAKE_HOME=/Users/mirajcs/.elan/toolchains/leanprover--lean4---v4.27.0 LAKE_PKG_URL_MAP={} LAKE_NO_CACHE=false LAKE_ARTIFACT_CACHE=false LAKE_CACHE_KEY= LAKE_CACHE_ARTIFACT_ENDPOINT= LAKE_CACHE_REVISION_ENDPOINT= LEAN=/Users/mirajcs/.elan/toolchains/leanprover--lean4---v4.27.0/bin/lean LEAN_SYSROOT=/Users/mirajcs/.elan/toolchains/leanprover--lean4---v4.27.0 LEAN_AR=/Users/mirajcs/.elan/toolchains/leanprover--lean4---v4.27.0/bin/llvm-ar LEAN_CC= LAKE_CACHE_DIR=/Users/mirajcs/.elan/toolchains/leanprover--lean4---v4.27.0/lake/cache LEAN_PATH=/Users/mirajcs/git/IsoperimetricInequality/docbuild/.lake/packages/batteries/.lake/build/lib/lean:/Users/mirajcs/git/IsoperimetricInequality/docbuild/.lake/packages/Qq/.lake/build/lib/lean:/Users/mirajcs/git/IsoperimetricInequality/docbuild/.lake/packages/aesop/.lake/build/lib/lean:/Users/mirajcs/git/IsoperimetricInequality/docbuild/.lake/packages/proofwidgets/.lake/build/lib/lean:/Users/mirajcs/git/IsoperimetricInequality/docbuild/.lake/packages/importGraph/.lake/build/lib/lean:/Users/mirajcs/git/IsoperimetricInequality/docbuild/.lake/packages/LeanSearchClient/.lake/build/lib/lean:/Users/mirajcs/git/IsoperimetricInequality/docbuild/.lake/packages/plausible/.lake/build/lib/lean:/Users/mirajcs/git/IsoperimetricInequality/docbuild/.lake/packages/mathlib/.lake/build/lib/lean:/Users/mirajcs/git/IsoperimetricInequality/docbuild/.lake/packages/MD4Lean/.lake/build/lib/lean:/Users/mirajcs/git/IsoperimetricInequality/docbuild/.lake/packages/BibtexQuery/.lake/build/lib/lean:/Users/mirajcs/git/IsoperimetricInequality/docbuild/.lake/packages/UnicodeBasic/.lake/build/lib/lean:/Users/mirajcs/git/IsoperimetricInequality/docbuild/.lake/packages/Cli/.lake/build/lib/lean:/Users/mirajcs/git/IsoperimetricInequality/.lake/build/lib/lean:/Users/mirajcs/git/IsoperimetricInequality/docbuild/.lake/packages/doc-gen4/.lake/build/lib/lean:/Users/mirajcs/git/IsoperimetricInequality/docbuild/.lake/build/lib/lean:/Users/mirajcs/.elan/toolchains/leanprover--lean4---v4.27.0/lib/lean LEAN_SRC_PATH=/Users/mirajcs/git/IsoperimetricInequality/docbuild/.lake/packages/batteries:/Users/mirajcs/git/IsoperimetricInequality/docbuild/.lake/packages/batteries:/Users/mirajcs/git/IsoperimetricInequality/docbuild/.lake/packages/Qq:/Users/mirajcs/git/IsoperimetricInequality/docbuild/.lake/packages/Qq:/Users/mirajcs/git/IsoperimetricInequality/docbuild/.lake/packages/aesop:/Users/mirajcs/git/IsoperimetricInequality/docbuild/.lake/packages/aesop:/Users/mirajcs/git/IsoperimetricInequality/docbuild/.lake/packages/proofwidgets:/Users/mirajcs/git/IsoperimetricInequality/docbuild/.lake/packages/proofwidgets:/Users/mirajcs/git/IsoperimetricInequality/docbuild/.lake/packages/proofwidgets:/Users/mirajcs/git/IsoperimetricInequality/docbuild/.lake/packages/importGraph:/Users/mirajcs/git/IsoperimetricInequality/docbuild/.lake/packages/importGraph:/Users/mirajcs/git/IsoperimetricInequality/docbuild/.lake/packages/LeanSearchClient:/Users/mirajcs/git/IsoperimetricInequality/docbuild/.lake/packages/LeanSearchClient:/Users/mirajcs/git/IsoperimetricInequality/docbuild/.lake/packages/plausible:/Users/mirajcs/git/IsoperimetricInequality/docbuild/.lake/packages/plausible:/Users/mirajcs/git/IsoperimetricInequality/docbuild/.lake/packages/mathlib:/Users/mirajcs/git/IsoperimetricInequality/docbuild/.lake/packages/mathlib:/Users/mirajcs/git/IsoperimetricInequality/docbuild/.lake/packages/mathlib:/Users/mirajcs/git/IsoperimetricInequality/docbuild/.lake/packages/mathlib:/Users/mirajcs/git/IsoperimetricInequality/docbuild/.lake/packages/mathlib:/Users/mirajcs/git/IsoperimetricInequality/docbuild/.lake/packages/mathlib:/Users/mirajcs/git/IsoperimetricInequality/docbuild/.lake/packages/mathlib:/Users/mirajcs/git/IsoperimetricInequality/docbuild/.lake/packages/MD4Lean:/Users/mirajcs/git/IsoperimetricInequality/docbuild/.lake/packages/MD4Lean:/Users/mirajcs/git/IsoperimetricInequality/docbuild/.lake/packages/BibtexQuery:/Users/mirajcs/git/IsoperimetricInequality/docbuild/.lake/packages/UnicodeBasic:/Users/mirajcs/git/IsoperimetricInequality/docbuild/.lake/packages/UnicodeBasic:/Users/mirajcs/git/IsoperimetricInequality/docbuild/.lake/packages/Cli:/Users/mirajcs/git/IsoperimetricInequality/docbuild/.lake/packages/Cli:/Users/mirajcs/git/IsoperimetricInequality:/Users/mirajcs/git/IsoperimetricInequality/docbuild/.lake/packages/doc-gen4:/Users/mirajcs/.elan/toolchains/leanprover--lean4---v4.27.0/src/lean/lake LEAN_GITHASH=db93fe1608548721853390a10cd40580fe7d22ae PATH DYLD_LIBRARY_PATH=/Users/mirajcs/.elan/toolchains/leanprover--lean4---v4.27.0/lib/lean:/Users/mirajcs/.elan/toolchains/leanprover--lean4---v4.27.0/lib:/Users/mirajcs/git/IsoperimetricInequality/docbuild/.lake/build/lib:/Users/mirajcs/git/IsoperimetricInequality/docbuild/.lake/packages/doc-gen4/.lake/build/lib:/Users/mirajcs/git/IsoperimetricInequality/.lake/build/lib:/Users/mirajcs/git/IsoperimetricInequality/docbuild/.lake/packages/Cli/.lake/build/lib:/Users/mirajcs/git/IsoperimetricInequality/docbuild/.lake/packages/UnicodeBasic/.lake/build/lib:/Users/mirajcs/git/IsoperimetricInequality/docbuild/.lake/packages/BibtexQuery/.lake/build/lib:/Users/mirajcs/git/IsoperimetricInequality/docbuild/.lake/packages/MD4Lean/.lake/build/lib:/Users/mirajcs/git/IsoperimetricInequality/docbuild/.lake/packages/mathlib/.lake/build/lib:/Users/mirajcs/git/IsoperimetricInequality/docbuild/.lake/packages/plausible/.lake/build/lib:/Users/mirajcs/git/IsoperimetricInequality/docbuild/.lake/packages/LeanSearchClient/.lake/build/lib:/Users/mirajcs/git/IsoperimetricInequality/docbuild/.lake/packages/importGraph/.lake/build/lib:/Users/mirajcs/git/IsoperimetricInequality/docbuild/.lake/packages/proofwidgets/.lake/build/lib:/Users/mirajcs/git/IsoperimetricInequality/docbuild/.lake/packages/aesop/.lake/build/lib:/Users/mirajcs/git/IsoperimetricInequality/docbuild/.lake/packages/Qq/.lake/build/lib:/Users/mirajcs/git/IsoperimetricInequality/docbuild/.lake/packages/batteries/.lake/build/lib /Users/mirajcs/git/IsoperimetricInequality/docbuild/.lake/packages/doc-gen4/.lake/build/bin/doc-gen4 single --build /Users/mirajcs/git/IsoperimetricInequality/docbuild/.lake/build Mathlib.RingTheory.Nilpotent.Basic https://github.com/leanprover-community/mathlib4/blob/a3a10db0e9d66acbebf76c5e6a135066525ac900/Mathlib/RingTheory/Nilpotent/Basic.lean",
   "level": "trace"}],
 "inputs":
 [["<collection>",
   [["/Users/mirajcs/git/IsoperimetricInequality/docbuild/.lake/build/doc/Mathlib/Algebra/BigOperators/Finprod.html",
     "978cea8b642e7847"],
    ["/Users/mirajcs/git/IsoperimetricInequality/docbuild/.lake/build/doc/Mathlib/Algebra/GroupWithZero/Action/Defs.html",
     "c42776f304a17d6b"],
    ["/Users/mirajcs/git/IsoperimetricInequality/docbuild/.lake/build/doc/Mathlib/Algebra/GroupWithZero/NonZeroDivisors.html",
     "a90a8e0bbdf42a74"],
    ["/Users/mirajcs/git/IsoperimetricInequality/docbuild/.lake/build/doc/Mathlib/Algebra/Ring/GeomSum.html",
     "63e8a11ca3e30784"],
    ["/Users/mirajcs/git/IsoperimetricInequality/docbuild/.lake/build/doc/Mathlib/Data/Nat/Choose/Sum.html",
     "9017ec5d99f9a6c7"],
    ["/Users/mirajcs/git/IsoperimetricInequality/docbuild/.lake/build/doc/Mathlib/Data/Nat/Lattice.html",
     "7a92eba683ca4dcb"],
    ["/Users/mirajcs/git/IsoperimetricInequality/docbuild/.lake/build/doc/Mathlib/RingTheory/Nilpotent/Defs.html",
     "6d95749fb4a1a4a1"]]],
  ["/Users/mirajcs/git/IsoperimetricInequality/docbuild/.lake/build/doc-data/references.json",
   "a50f2257f35adb49"],
  ["/Users/mirajcs/git/IsoperimetricInequality/docbuild/.lake/packages/doc-gen4/.lake/build/bin/doc-gen4",
   "119af887a05b9f78"],
  ["Mathlib.RingTheory.Nilpotent.Basic:leanArts", "7f820faee15ac18c"]],
 "depHash": "26d2f1b3d5b1c766"}